# JRE version: Java(TM) SE Runtime Environment 18.9 (11.0.18+9) (build 11.0.18+9-LTS-195)
# Java VM: Java HotSpot(TM) 64-Bit Server VM 18.9 (11.0.18+9-LTS-195, mixed mode, tiered, compressed oops, g1 gc, windows-amd64)
Heap:
 garbage-first heap   total 260096K, used 13113K [0x0000000702e00000, 0x0000000800000000)
  region size 1024K, 6 young (6144K), 6 survivors (6144K)
 Metaspace       used 33751K, capacity 34732K, committed 34812K, reserved 1087488K
  class space    used 4188K, capacity 4556K, committed 4604K, reserved 1048576K
GC Heap History (10 events):
Event: 0.948 GC heap before
{Heap before GC invocations=2 (full 0):
 garbage-first heap   total 260096K, used 63031K [0x0000000702e00000, 0x0000000800000000)
  region size 1024K, 54 young (55296K), 1 survivors (1024K)
 Metaspace       used 19522K, capacity 19949K, committed 20096K, reserved 1067008K
  class space    used 2141K, capacity 2320K, committed 2432K, reserved 1048576K
}
Event: 0.949 GC heap after
{Heap after GC invocations=3 (full 0):
 garbage-first heap   total 260096K, used 8516K [0x0000000702e00000, 0x0000000800000000)
  region size 1024K, 2 young (2048K), 2 survivors (2048K)
 Metaspace       used 19522K, capacity 19949K, committed 20096K, reserved 1067008K
  class space    used 2141K, capacity 2320K, committed 2432K, reserved 1048576K
}
Event: 1.078 GC heap before
{Heap before GC invocations=3 (full 0):
 garbage-first heap   total 260096K, used 19780K [0x0000000702e00000, 0x0000000800000000)
  region size 1024K, 14 young (14336K), 2 survivors (2048K)
 Metaspace       used 20646K, capacity 21190K, committed 21248K, reserved 1069056K
  class space    used 2320K, capacity 2558K, committed 2560K, reserved 1048576K
}
Event: 1.080 GC heap after
{Heap after GC invocations=4 (full 0):
 garbage-first heap   total 260096K, used 8953K [0x0000000702e00000, 0x0000000800000000)
  region size 1024K, 2 young (2048K), 2 survivors (2048K)
 Metaspace       used 20646K, capacity 21190K, committed 21248K, reserved 1069056K
  class space    used 2320K, capacity 2558K, committed 2560K, reserved 1048576K
}
Event: 1.341 GC heap before
{Heap before GC invocations=5 (full 0):
 garbage-first heap   total 260096K, used 98041K [0x0000000702e00000, 0x0000000800000000)
  region size 1024K, 90 young (92160K), 2 survivors (2048K)
 Metaspace       used 26506K, capacity 27309K, committed 27516K, reserved 1073152K
  class space    used 3271K, capacity 3576K, committed 3708K, reserved 1048576K
}
Event: 1.344 GC heap after
{Heap after GC invocations=6 (full 0):
 garbage-first heap   total 260096K, used 10643K [0x0000000702e00000, 0x0000000800000000)
  region size 1024K, 4 young (4096K), 4 survivors (4096K)
 Metaspace       used 26506K, capacity 27309K, committed 27516K, reserved 1073152K
  class space    used 3271K, capacity 3576K, committed 3708K, reserved 1048576K
}
Event: 1.576 GC heap before
{Heap before GC invocations=6 (full 0):
 garbage-first heap   total 260096K, used 131475K [0x0000000702e00000, 0x0000000800000000)
  region size 1024K, 123 young (125952K), 4 survivors (4096K)
 Metaspace       used 32801K, capacity 33759K, committed 33916K, reserved 1079296K
  class space    used 4039K, capacity 4388K, committed 4476K, reserved 1048576K
}
Event: 1.579 GC heap after
{Heap after GC invocations=7 (full 0):
 garbage-first heap   total 260096K, used 12840K [0x0000000702e00000, 0x0000000800000000)
  region size 1024K, 6 young (6144K), 6 survivors (6144K)
 Metaspace       used 32801K, capacity 33759K, committed 33916K, reserved 1079296K
  class space    used 4039K, capacity 4388K, committed 4476K, reserved 1048576K
}
Event: 1.712 GC heap before
{Heap before GC invocations=7 (full 0):
 garbage-first heap   total 260096K, used 41512K [0x0000000702e00000, 0x0000000800000000)
  region size 1024K, 35 young (35840K), 6 survivors (6144K)
 Metaspace       used 33751K, capacity 34732K, committed 34812K, reserved 1085440K
  class space    used 4188K, capacity 4556K, committed 4604K, reserved 1048576K
}
Event: 1.717 GC heap after
{Heap after GC invocations=8 (full 0):
 garbage-first heap   total 260096K, used 13113K [0x0000000702e00000, 0x0000000800000000)
  region size 1024K, 6 young (6144K), 6 survivors (6144K)
 Metaspace       used 33751K, capacity 34732K, committed 34812K, reserved 1085440K
  class space    used 4188K, capacity 4556K, committed 4604K, reserved 1048576K
}

