# JRE version: Java(TM) SE Runtime Environment 18.9 (11.0.18+9) (build 11.0.18+9-LTS-195)
# Java VM: Java HotSpot(TM) 64-Bit Server VM 18.9 (11.0.18+9-LTS-195, mixed mode, tiered, compressed oops, g1 gc, windows-amd64)
Heap:
 garbage-first heap   total 312320K, used 18009K [0x0000000702e00000, 0x0000000800000000)
  region size 1024K, 11 young (11264K), 11 survivors (11264K)
 Metaspace       used 43099K, capacity 44431K, committed 44496K, reserved 1087488K
  class space    used 5598K, capacity 6096K, committed 6140K, reserved 1048576K
GC Heap History (10 events):
Event: 1.004 GC heap after
{Heap after GC invocations=3 (full 0):
 garbage-first heap   total 260096K, used 8673K [0x0000000702e00000, 0x0000000800000000)
  region size 1024K, 2 young (2048K), 2 survivors (2048K)
 Metaspace       used 19413K, capacity 19860K, committed 20096K, reserved 1067008K
  class space    used 2124K, capacity 2310K, committed 2432K, reserved 1048576K
}
Event: 1.134 GC heap before
{Heap before GC invocations=3 (full 0):
 garbage-first heap   total 260096K, used 20961K [0x0000000702e00000, 0x0000000800000000)
  region size 1024K, 15 young (15360K), 2 survivors (2048K)
 Metaspace       used 20644K, capacity 21190K, committed 21248K, reserved 1069056K
  class space    used 2319K, capacity 2558K, committed 2560K, reserved 1048576K
}
Event: 1.135 GC heap after
{Heap after GC invocations=4 (full 0):
 garbage-first heap   total 260096K, used 9191K [0x0000000702e00000, 0x0000000800000000)
  region size 1024K, 2 young (2048K), 2 survivors (2048K)
 Metaspace       used 20644K, capacity 21190K, committed 21248K, reserved 1069056K
  class space    used 2319K, capacity 2558K, committed 2560K, reserved 1048576K
}
Event: 1.395 GC heap before
{Heap before GC invocations=5 (full 0):
 garbage-first heap   total 260096K, used 95207K [0x0000000702e00000, 0x0000000800000000)
  region size 1024K, 87 young (89088K), 2 survivors (2048K)
 Metaspace       used 26352K, capacity 27174K, committed 27516K, reserved 1073152K
  class space    used 3243K, capacity 3574K, committed 3708K, reserved 1048576K
}
Event: 1.398 GC heap after
{Heap after GC invocations=6 (full 0):
 garbage-first heap   total 260096K, used 10734K [0x0000000702e00000, 0x0000000800000000)
  region size 1024K, 4 young (4096K), 4 survivors (4096K)
 Metaspace       used 26352K, capacity 27174K, committed 27516K, reserved 1073152K
  class space    used 3243K, capacity 3574K, committed 3708K, reserved 1048576K
}
Event: 1.632 GC heap before
{Heap before GC invocations=6 (full 0):
 garbage-first heap   total 260096K, used 130542K [0x0000000702e00000, 0x0000000800000000)
  region size 1024K, 122 young (124928K), 4 survivors (4096K)
 Metaspace       used 32646K, capacity 33560K, committed 33916K, reserved 1079296K
  class space    used 4013K, capacity 4361K, committed 4476K, reserved 1048576K
}
Event: 1.636 GC heap after
{Heap after GC invocations=7 (full 0):
 garbage-first heap   total 260096K, used 13157K [0x0000000702e00000, 0x0000000800000000)
  region size 1024K, 6 young (6144K), 6 survivors (6144K)
 Metaspace       used 32646K, capacity 33560K, committed 33916K, reserved 1079296K
  class space    used 4013K, capacity 4361K, committed 4476K, reserved 1048576K
}
Event: 1.906 GC heap before
{Heap before GC invocations=7 (full 0):
 garbage-first heap   total 260096K, used 75621K [0x0000000702e00000, 0x0000000800000000)
  region size 1024K, 68 young (69632K), 6 survivors (6144K)
 Metaspace       used 34863K, capacity 35883K, committed 36048K, reserved 1081344K
  class space    used 4370K, capacity 4764K, committed 4860K, reserved 1048576K
}
Event: 1.911 GC heap after
{Heap after GC invocations=8 (full 0):
 garbage-first heap   total 260096K, used 14268K [0x0000000702e00000, 0x0000000800000000)
  region size 1024K, 7 young (7168K), 7 survivors (7168K)
 Metaspace       used 34863K, capacity 35883K, committed 36048K, reserved 1081344K
  class space    used 4370K, capacity 4764K, committed 4860K, reserved 1048576K
}
Event: 2.696 GC heap before
{Heap before GC invocations=9 (full 0):
 garbage-first heap   total 260096K, used 156604K [0x0000000702e00000, 0x0000000800000000)
  region size 1024K, 146 young (149504K), 7 survivors (7168K)
 Metaspace       used 43099K, capacity 44431K, committed 44496K, reserved 1087488K
  class space    used 5598K, capacity 6096K, committed 6140K, reserved 1048576K
}

